Using pre-set license
Built from '2021.3/release' branch; Version is '2021.3.12f1 (8af3c3e441b1) revision 9106371'; Using compiler version '192829333'; Build Type 'Release'
OS: 'Windows 11  (10.0.22000) 64bit Core' Language: 'en' Physical Memory: 32509 MB
BatchMode: 1, IsHumanControllingUs: 0, StartBugReporterOnCrash: 0, Is64bit: 1, IsPro: 1

COMMAND LINE ARGUMENTS:
C:\Program Files\Unity\Hub\Editor\2021.3.12f1\Editor\Unity.exe
-adb2
-batchMode
-noUpm
-name
AssetImportWorker0
-projectPath
D:/Unity/Projects/FaceMaskAR
-logFile
Logs/AssetImportWorker0.log
-srvPort
52294
Successfully changed project path to: D:/Unity/Projects/FaceMaskAR
D:/Unity/Projects/FaceMaskAR
[UnityMemory] Configuration Parameters - Can be set up in boot.config
    "memorysetup-bucket-allocator-granularity=16"
    "memorysetup-bucket-allocator-bucket-count=8"
    "memorysetup-bucket-allocator-block-size=33554432"
    "memorysetup-bucket-allocator-block-count=8"
    "memorysetup-main-allocator-block-size=16777216"
    "memorysetup-thread-allocator-block-size=16777216"
    "memorysetup-gfx-main-allocator-block-size=16777216"
    "memorysetup-gfx-thread-allocator-block-size=16777216"
    "memorysetup-cache-allocator-block-size=4194304"
    "memorysetup-typetree-allocator-block-size=2097152"
    "memorysetup-profiler-bucket-allocator-granularity=16"
    "memorysetup-profiler-bucket-allocator-bucket-count=8"
    "memorysetup-profiler-bucket-allocator-block-size=33554432"
    "memorysetup-profiler-bucket-allocator-block-count=8"
    "memorysetup-profiler-allocator-block-size=16777216"
    "memorysetup-profiler-editor-allocator-block-size=1048576"
    "memorysetup-temp-allocator-size-main=16777216"
    "memorysetup-job-temp-allocator-block-size=2097152"
    "memorysetup-job-temp-allocator-block-size-background=1048576"
    "memorysetup-job-temp-allocator-reduction-small-platforms=262144"
    "memorysetup-temp-allocator-size-background-worker=32768"
    "memorysetup-temp-allocator-size-job-worker=262144"
    "memorysetup-temp-allocator-size-preload-manager=33554432"
    "memorysetup-temp-allocator-size-nav-mesh-worker=65536"
    "memorysetup-temp-allocator-size-audio-worker=65536"
    "memorysetup-temp-allocator-size-cloud-worker=32768"
    "memorysetup-temp-allocator-size-gi-baking-worker=262144"
    "memorysetup-temp-allocator-size-gfx=262144"
Refreshing native plugins compatible for Editor in 60.03 ms, found 10 plugins.
Preloading 0 native plugins for Editor in 0.00 ms.
Initialize engine version: 2021.3.12f1 (8af3c3e441b1)
[Subsystems] Discovering subsystems at path C:/Program Files/Unity/Hub/Editor/2021.3.12f1/Editor/Data/Resources/UnitySubsystems
[Subsystems] Discovering subsystems at path D:/Unity/Projects/FaceMaskAR/Assets
GfxDevice: creating device client; threaded=0; jobified=0
Direct3D:
    Version:  Direct3D 11.0 [level 11.1]
    Renderer: NVIDIA GeForce RTX 3090 (ID=0x2204)
    Vendor:   NVIDIA
    VRAM:     24340 MB
    Driver:   31.0.15.2686
Initialize mono
Mono path[0] = 'C:/Program Files/Unity/Hub/Editor/2021.3.12f1/Editor/Data/Managed'
Mono path[1] = 'C:/Program Files/Unity/Hub/Editor/2021.3.12f1/Editor/Data/MonoBleedingEdge/lib/mono/unityjit-win32'
Mono config path = 'C:/Program Files/Unity/Hub/Editor/2021.3.12f1/Editor/Data/MonoBleedingEdge/etc'
Using monoOptions --debugger-agent=transport=dt_socket,embedding=1,server=y,suspend=n,address=127.0.0.1:56860
Begin MonoManager ReloadAssembly
Registering precompiled unity dll's ...
Register platform support module: C:/Program Files/Unity/Hub/Editor/2021.3.12f1/Editor/Data/PlaybackEngines/AndroidPlayer/UnityEditor.Android.Extensions.dll
Register platform support module: C:/Program Files/Unity/Hub/Editor/2021.3.12f1/Editor/Data/PlaybackEngines/iOSSupport/UnityEditor.iOS.Extensions.dll
Register platform support module: C:/Program Files/Unity/Hub/Editor/2021.3.12f1/Editor/Data/PlaybackEngines/WindowsStandaloneSupport/UnityEditor.WindowsStandalone.Extensions.dll
Registered in 0.004160 seconds.
Native extension for WindowsStandalone target not found
[usbmuxd] Start listen thread
[usbmuxd] Listen thread started
Native extension for iOS target not found
Native extension for Android target not found
Refreshing native plugins compatible for Editor in 54.20 ms, found 10 plugins.
Preloading 0 native plugins for Editor in 0.00 ms.
Mono: successfully reloaded assembly
- Completed reload, in  0.386 seconds
Domain Reload Profiling:
	ReloadAssembly (386ms)
		BeginReloadAssembly (41ms)
			ExecutionOrderSort (0ms)
			DisableScriptedObjects (0ms)
			BackupInstance (0ms)
			ReleaseScriptingObjects (0ms)
			CreateAndSetChildDomain (0ms)
		EndReloadAssembly (282ms)
			LoadAssemblies (40ms)
			RebuildTransferFunctionScriptingTraits (0ms)
			SetupTypeCache (62ms)
			ReleaseScriptCaches (0ms)
			RebuildScriptCaches (14ms)
			SetupLoadedEditorAssemblies (175ms)
				LogAssemblyErrors (0ms)
				InitializePlatformSupportModulesInManaged (42ms)
				SetLoadedEditorAssemblies (0ms)
				RefreshPlugins (54ms)
				BeforeProcessingInitializeOnLoad (1ms)
				ProcessInitializeOnLoadAttributes (52ms)
				ProcessInitializeOnLoadMethodAttributes (26ms)
				AfterProcessingInitializeOnLoad (0ms)
				EditorAssembliesLoaded (0ms)
			ExecutionOrderSort2 (0ms)
			AwakeInstancesAfterBackupRestoration (0ms)
Platform modules already initialized, skipping
Registering precompiled user dll's ...
Registered in 0.003477 seconds.
Begin MonoManager ReloadAssembly
Symbol file LoadedFromMemory doesn't match image D:\Unity\Projects\FaceMaskAR\Library\PackageCache\com.unity.visualscripting@1.7.8\Editor\VisualScripting.Core\Dependencies\DotNetZip\Unity.VisualScripting.IonicZip.dll
Symbol file LoadedFromMemory doesn't match image D:\Unity\Projects\FaceMaskAR\Library\PackageCache\com.unity.visualscripting@1.7.8\Editor\VisualScripting.Core\Dependencies\YamlDotNet\Unity.VisualScripting.YamlDotNet.dll
Native extension for WindowsStandalone target not found
Native extension for iOS target not found
Native extension for Android target not found
Refreshing native plugins compatible for Editor in 58.96 ms, found 10 plugins.
Preloading 0 native plugins for Editor in 0.00 ms.
Package Manager log level set to [2]
Mono: successfully reloaded assembly
- Completed reload, in  0.863 seconds
Domain Reload Profiling:
	ReloadAssembly (864ms)
		BeginReloadAssembly (165ms)
			ExecutionOrderSort (0ms)
			DisableScriptedObjects (3ms)
			BackupInstance (0ms)
			ReleaseScriptingObjects (0ms)
			CreateAndSetChildDomain (114ms)
		EndReloadAssembly (632ms)
			LoadAssemblies (53ms)
			RebuildTransferFunctionScriptingTraits (0ms)
			SetupTypeCache (172ms)
			ReleaseScriptCaches (0ms)
			RebuildScriptCaches (43ms)
			SetupLoadedEditorAssemblies (326ms)
				LogAssemblyErrors (0ms)
				InitializePlatformSupportModulesInManaged (15ms)
				SetLoadedEditorAssemblies (0ms)
				RefreshPlugins (59ms)
				BeforeProcessingInitializeOnLoad (61ms)
				ProcessInitializeOnLoadAttributes (170ms)
				ProcessInitializeOnLoadMethodAttributes (17ms)
				AfterProcessingInitializeOnLoad (3ms)
				EditorAssembliesLoaded (0ms)
			ExecutionOrderSort2 (0ms)
			AwakeInstancesAfterBackupRestoration (4ms)
Platform modules already initialized, skipping
========================================================================
Worker process is ready to serve import requests
Launched and connected shader compiler UnityShaderCompiler.exe after 0.02 seconds
Refreshing native plugins compatible for Editor in 0.66 ms, found 10 plugins.
Preloading 0 native plugins for Editor in 0.00 ms.
Unloading 4552 Unused Serialized files (Serialized files now loaded: 0)
Unloading 56 unused Assets / (163.1 KB). Loaded Objects now: 4988.
Memory consumption went from 155.4 MB to 155.3 MB.
Total: 2.517400 ms (FindLiveObjects: 0.239100 ms CreateObjectMapping: 0.116900 ms MarkObjects: 2.051200 ms  DeleteObjects: 0.109600 ms)

AssetImportParameters requested are different than current active one (requested -> active):
  custom:video-decoder-ogg-theora: a1e56fd34408186e4bbccfd4996cb3dc -> 
  custom:container-muxer-webm: aa71ff27fc2769a1b78a27578f13a17b -> 
  custom:container-demuxer-webm: 4f35f7cbe854078d1ac9338744f61a02 -> 
  custom:video-encoder-webm-vp8: eb34c28f22e8b96e1ab97ce403110664 -> 
  custom:audio-encoder-webm-vorbis: bf7c407c2cedff20999df2af8eb42d56 -> 
  custom:framework-win-MediaFoundation: 216162199b28c13a410421893ffa2e32 -> 
  custom:container-demuxer-ogg: 62fdf1f143b41e24485cea50d1cbac27 -> 
  custom:video-decoder-webm-vp8: 9c59270c3fd7afecdb556c50c9e8de78 -> 
  custom:audio-decoder-ogg-vorbis: bf7c407c2cedff20999df2af8eb42d56 -> 
========================================================================
Received Import Request.
  Time since last request: 7942.299563 seconds.
  path: Assets/Prefabs
  artifactKey: Guid(da75548b16bce2247b9160d69982783c) Importer(815301076,1909f56bfc062723c751e8b465ee728b)
Start importing Assets/Prefabs using Guid(da75548b16bce2247b9160d69982783c) Importer(815301076,1909f56bfc062723c751e8b465ee728b)  -> (artifact id: 'baf6684c4ee7089b5ab0eb81d1bcd183') in 0.009991 seconds 
========================================================================
Received Import Request.
  Time since last request: 5.428443 seconds.
  path: Assets/Prefabs/AR Default Face.prefab
  artifactKey: Guid(25670c304a3ecca4f8bfd48027e5d6b4) Importer(815301076,1909f56bfc062723c751e8b465ee728b)
Start importing Assets/Prefabs/AR Default Face.prefab using Guid(25670c304a3ecca4f8bfd48027e5d6b4) Importer(815301076,1909f56bfc062723c751e8b465ee728b)  -> (artifact id: '2af8cace1891ec283358b8d779f48a79') in 0.030951 seconds 
========================================================================
Received Import Request.
  Time since last request: 124.765526 seconds.
  path: Assets/AR face Assets
  artifactKey: Guid(b5d398d29929edc459539f232c89e38f) Importer(815301076,1909f56bfc062723c751e8b465ee728b)
Start importing Assets/AR face Assets using Guid(b5d398d29929edc459539f232c89e38f) Importer(815301076,1909f56bfc062723c751e8b465ee728b)  -> (artifact id: '13e33a1c79e906424bcb872f43f38791') in 0.004231 seconds 
========================================================================
Received Import Request.
  Time since last request: 17.566295 seconds.
  path: Assets/AR face Assets/3D Heads
  artifactKey: Guid(dc43b60834a45455f993ecd3b72e7189) Importer(815301076,1909f56bfc062723c751e8b465ee728b)
Start importing Assets/AR face Assets/3D Heads using Guid(dc43b60834a45455f993ecd3b72e7189) Importer(815301076,1909f56bfc062723c751e8b465ee728b)  -> (artifact id: '3053b93b5d5eae4a26dce6910395263e') in 0.004450 seconds 
========================================================================
Received Import Request.
  Time since last request: 4.212235 seconds.
  path: Assets/AR face Assets/Face Textures
  artifactKey: Guid(6abdf833e6a454c2dbfc020231f5e984) Importer(815301076,1909f56bfc062723c751e8b465ee728b)
Start importing Assets/AR face Assets/Face Textures using Guid(6abdf833e6a454c2dbfc020231f5e984) Importer(815301076,1909f56bfc062723c751e8b465ee728b)  -> (artifact id: '97bf869c62a20ad58c6e40dd9039d406') in 0.005135 seconds 
========================================================================
Received Import Request.
  Time since last request: 2.029905 seconds.
  path: Assets/AR face Assets/Face Textures/Robot Face
  artifactKey: Guid(7e5e5d8d234ba4a7093b7d326df9d21e) Importer(815301076,1909f56bfc062723c751e8b465ee728b)
Start importing Assets/AR face Assets/Face Textures/Robot Face using Guid(7e5e5d8d234ba4a7093b7d326df9d21e) Importer(815301076,1909f56bfc062723c751e8b465ee728b)  -> (artifact id: 'de960e62f3c12f99284321282dbdd302') in 0.004417 seconds 
========================================================================
Received Import Request.
  Time since last request: 0.615623 seconds.
  path: Assets/AR face Assets/Face Textures/Robot Face/Robot_Albedo.tga
  artifactKey: Guid(86438631d251f40a99f0b8f365c62e9e) Importer(815301076,1909f56bfc062723c751e8b465ee728b)
Start importing Assets/AR face Assets/Face Textures/Robot Face/Robot_Albedo.tga using Guid(86438631d251f40a99f0b8f365c62e9e) Importer(815301076,1909f56bfc062723c751e8b465ee728b)  -> (artifact id: '2a417c0f10f835ecb6f04b3e6d040625') in 0.036596 seconds 
========================================================================
Received Import Request.
  Time since last request: 0.000020 seconds.
  path: Assets/AR face Assets/Face Textures/Robot Face/Robot_Occlusion.tga
  artifactKey: Guid(60d43433d9c944a4a90940aebbd27e14) Importer(815301076,1909f56bfc062723c751e8b465ee728b)
Start importing Assets/AR face Assets/Face Textures/Robot Face/Robot_Occlusion.tga using Guid(60d43433d9c944a4a90940aebbd27e14) Importer(815301076,1909f56bfc062723c751e8b465ee728b)  -> (artifact id: 'bdaf614cf36f90e865ddf5b8f038f0b0') in 0.008911 seconds 
========================================================================
Received Import Request.
  Time since last request: 1.962051 seconds.
  path: Assets/AR face Assets/Face Textures/Pop Face
  artifactKey: Guid(c783ca990c5f44004994974eb09893be) Importer(815301076,1909f56bfc062723c751e8b465ee728b)
Start importing Assets/AR face Assets/Face Textures/Pop Face using Guid(c783ca990c5f44004994974eb09893be) Importer(815301076,1909f56bfc062723c751e8b465ee728b)  -> (artifact id: 'd2aa233b204ebf0cd2f67249aff56d0e') in 0.004274 seconds 
========================================================================
Received Import Request.
  Time since last request: 0.080559 seconds.
  path: Assets/AR face Assets/Face Textures/Pop Face/PopFace_Albedo.tga
  artifactKey: Guid(c618fae771fb049fea0c6661474b8552) Importer(815301076,1909f56bfc062723c751e8b465ee728b)
Start importing Assets/AR face Assets/Face Textures/Pop Face/PopFace_Albedo.tga using Guid(c618fae771fb049fea0c6661474b8552) Importer(815301076,1909f56bfc062723c751e8b465ee728b)  -> (artifact id: '543de4cd04bf56edebeabee8171997ae') in 0.008653 seconds 
========================================================================
Received Import Request.
  Time since last request: 4.176039 seconds.
  path: Assets/AR face Assets/Images
  artifactKey: Guid(e80eb75cf4bd743c686819b9c621067d) Importer(815301076,1909f56bfc062723c751e8b465ee728b)
Start importing Assets/AR face Assets/Images using Guid(e80eb75cf4bd743c686819b9c621067d) Importer(815301076,1909f56bfc062723c751e8b465ee728b)  -> (artifact id: 'e4c1100ce51144687edea315df62507a') in 0.004447 seconds 
========================================================================
Received Import Request.
  Time since last request: 0.056991 seconds.
  path: Assets/AR face Assets/Images/createwithcode.png
  artifactKey: Guid(66d6838a092d4492495e57a70bc8d37d) Importer(815301076,1909f56bfc062723c751e8b465ee728b)
Start importing Assets/AR face Assets/Images/createwithcode.png using Guid(66d6838a092d4492495e57a70bc8d37d) Importer(815301076,1909f56bfc062723c751e8b465ee728b)  -> (artifact id: '1d19c18e1a2e5c53d4c67bd30fdbe783') in 0.045865 seconds 
========================================================================
Received Import Request.
  Time since last request: 0.000018 seconds.
  path: Assets/AR face Assets/Images/rollaball.png
  artifactKey: Guid(6a82eb95ca0d74e18bcbd633cffee0af) Importer(815301076,1909f56bfc062723c751e8b465ee728b)
Start importing Assets/AR face Assets/Images/rollaball.png using Guid(6a82eb95ca0d74e18bcbd633cffee0af) Importer(815301076,1909f56bfc062723c751e8b465ee728b)  -> (artifact id: 'eb2650e183aed8bc3817edd233ba3f29') in 0.012051 seconds 
========================================================================
Received Import Request.
  Time since last request: 9.911323 seconds.
  path: Assets/AR face Assets/3D Heads/Faceted Head
  artifactKey: Guid(edf79ac21bd8d4db0a46f106eb2b96c6) Importer(815301076,1909f56bfc062723c751e8b465ee728b)
Start importing Assets/AR face Assets/3D Heads/Faceted Head using Guid(edf79ac21bd8d4db0a46f106eb2b96c6) Importer(815301076,1909f56bfc062723c751e8b465ee728b)  -> (artifact id: 'a2e10f75db69710c4730860d907efc0c') in 0.004507 seconds 
========================================================================
Received Import Request.
  Time since last request: 0.105573 seconds.
  path: Assets/AR face Assets/3D Heads/Faceted Head/Faceted_Normal.tga
  artifactKey: Guid(c90ec9b975d7c469d9573fee196a2c2b) Importer(815301076,1909f56bfc062723c751e8b465ee728b)
Start importing Assets/AR face Assets/3D Heads/Faceted Head/Faceted_Normal.tga using Guid(c90ec9b975d7c469d9573fee196a2c2b) Importer(815301076,1909f56bfc062723c751e8b465ee728b)  -> (artifact id: '7c87c1534f00b5b81516ed3b2ef443db') in 0.022650 seconds 
========================================================================
Received Import Request.
  Time since last request: 0.000022 seconds.
  path: Assets/AR face Assets/3D Heads/Faceted Head/FacetedHead.mat
  artifactKey: Guid(57d7d983089c7414c839906cd11bb6e0) Importer(815301076,1909f56bfc062723c751e8b465ee728b)
Start importing Assets/AR face Assets/3D Heads/Faceted Head/FacetedHead.mat using Guid(57d7d983089c7414c839906cd11bb6e0) Importer(815301076,1909f56bfc062723c751e8b465ee728b)  -> (artifact id: 'eb2ac30440d8c655eef483d348a90d11') in 0.149398 seconds 
========================================================================
Received Import Request.
  Time since last request: 47.366738 seconds.
  path: Assets/Materials
  artifactKey: Guid(85549b190bf57124bb1af0f85fcf4171) Importer(815301076,1909f56bfc062723c751e8b465ee728b)
Start importing Assets/Materials using Guid(85549b190bf57124bb1af0f85fcf4171) Importer(815301076,1909f56bfc062723c751e8b465ee728b)  -> (artifact id: '661af952259967dc867732b312d891c9') in 0.004546 seconds 
========================================================================
Received Import Request.
  Time since last request: 15.885018 seconds.
  path: Assets/Materials/Pop.mat
  artifactKey: Guid(7f2b60a04cd1f3f47a8004f0df6c48c8) Importer(815301076,1909f56bfc062723c751e8b465ee728b)
Start importing Assets/Materials/Pop.mat using Guid(7f2b60a04cd1f3f47a8004f0df6c48c8) Importer(815301076,1909f56bfc062723c751e8b465ee728b)  -> (artifact id: 'eb10793c9ecc274ed5fe92f958c8eb3b') in 0.054594 seconds 
========================================================================
Received Import Request.
  Time since last request: 24.067747 seconds.
  path: Assets/ExampleAssets/Tutorial/Images/1-welcome-screen-image.png
  artifactKey: Guid(a36153625af524c1f9fb6e04b5ed3e1c) Importer(815301076,1909f56bfc062723c751e8b465ee728b)
Start importing Assets/ExampleAssets/Tutorial/Images/1-welcome-screen-image.png using Guid(a36153625af524c1f9fb6e04b5ed3e1c) Importer(815301076,1909f56bfc062723c751e8b465ee728b)  -> (artifact id: '70e41160287b1e7fad7a2e59c7b1d164') in 0.009217 seconds 
========================================================================
Received Import Request.
  Time since last request: 0.015964 seconds.
  path: Packages/com.unity.inputsystem/InputSystem/Editor/AssetEditor/Resources/personal/actionTreeBackground.png
  artifactKey: Guid(ce5f11cd993284c4f9c54f854bdc8c9c) Importer(815301076,1909f56bfc062723c751e8b465ee728b)
Start importing Packages/com.unity.inputsystem/InputSystem/Editor/AssetEditor/Resources/personal/actionTreeBackground.png using Guid(ce5f11cd993284c4f9c54f854bdc8c9c) Importer(815301076,1909f56bfc062723c751e8b465ee728b)  -> (artifact id: 'e422310f4499bb870592084602809477') in 0.007973 seconds 
========================================================================
Received Import Request.
  Time since last request: 0.000024 seconds.
  path: Packages/com.unity.inputsystem/InputSystem/Editor/Icons/Add Binding@3x.png
  artifactKey: Guid(8be1fbf4b24de44c99840805bdae9e40) Importer(815301076,1909f56bfc062723c751e8b465ee728b)
Start importing Packages/com.unity.inputsystem/InputSystem/Editor/Icons/Add Binding@3x.png using Guid(8be1fbf4b24de44c99840805bdae9e40) Importer(815301076,1909f56bfc062723c751e8b465ee728b)  -> (artifact id: '95cfbd3903e94667f9b6d069c148874f') in 0.009907 seconds 
========================================================================
Received Import Request.
  Time since last request: 0.000019 seconds.
  path: Packages/com.unity.inputsystem/InputSystem/Editor/AssetEditor/Resources/personal/actionTreeBackgroundWithoutBorder.png
  artifactKey: Guid(cf632ed80bf1f46c980de6b1b8b903ef) Importer(815301076,1909f56bfc062723c751e8b465ee728b)
Start importing Packages/com.unity.inputsystem/InputSystem/Editor/AssetEditor/Resources/personal/actionTreeBackgroundWithoutBorder.png using Guid(cf632ed80bf1f46c980de6b1b8b903ef) Importer(815301076,1909f56bfc062723c751e8b465ee728b)  -> (artifact id: '2193814cbedfec7483149ddfa4004e9d') in 0.009173 seconds 
========================================================================
Received Import Request.
  Time since last request: 0.000023 seconds.
  path: Packages/com.unity.inputsystem/InputSystem/Editor/AssetEditor/Resources/pro/actionTreeBackgroundWithoutBorder.png
  artifactKey: Guid(943deaaee9c9347e0a455aa208526c42) Importer(815301076,1909f56bfc062723c751e8b465ee728b)
Start importing Packages/com.unity.inputsystem/InputSystem/Editor/AssetEditor/Resources/pro/actionTreeBackgroundWithoutBorder.png using Guid(943deaaee9c9347e0a455aa208526c42) Importer(815301076,1909f56bfc062723c751e8b465ee728b)  -> (artifact id: '1dfb6018452a65ee118e7bf61951296c') in 0.007436 seconds 
Editor requested this worker to shutdown with reason: Scaling down because of idle timeout
AssetImportWorker is now disconnected from the server
Process exiting
Exiting without the bug reporter. Application will terminate with return code 0